<?xml version="1.0" encoding="UTF-8"?>
<!-- Generated by org.testng.reporters.JUnitReportReporter -->
<testsuite hostname="tandl-10" name="com.microinsurance.testcases.VerifyValidations_Usam" tests="16" failures="0" timestamp="2 Jun 2015 12:51:40 GMT" time="0.066" errors="0">
  <testcase name="addUser_Validations" time="0.000" classname="com.microinsurance.testcases.VerifyValidations_Usam"/>
  <testcase name="addUser_Validations" time="0.001" classname="com.microinsurance.testcases.VerifyValidations_Usam"/>
  <testcase name="addUser_Validations" time="0.000" classname="com.microinsurance.testcases.VerifyValidations_Usam"/>
  <testcase name="addUser_Validations" time="0.000" classname="com.microinsurance.testcases.VerifyValidations_Usam"/>
  <testcase name="addUser_Validations" time="0.000" classname="com.microinsurance.testcases.VerifyValidations_Usam"/>
  <testcase name="addUser_Validations" time="0.000" classname="com.microinsurance.testcases.VerifyValidations_Usam"/>
  <testcase name="addUser_Validations" time="0.000" classname="com.microinsurance.testcases.VerifyValidations_Usam"/>
  <testcase name="addUser_Validations" time="0.061" classname="com.microinsurance.testcases.VerifyValidations_Usam"/>
  <testcase name="addUser_Validations" time="0.000" classname="com.microinsurance.testcases.VerifyValidations_Usam"/>
  <testcase name="addUser_Validations" time="0.001" classname="com.microinsurance.testcases.VerifyValidations_Usam"/>
  <testcase name="addUser_Validations" time="0.000" classname="com.microinsurance.testcases.VerifyValidations_Usam"/>
  <testcase name="addUser_Validations" time="0.000" classname="com.microinsurance.testcases.VerifyValidations_Usam"/>
  <testcase name="addUser_Validations" time="0.001" classname="com.microinsurance.testcases.VerifyValidations_Usam"/>
  <testcase name="addUser_Validations" time="0.000" classname="com.microinsurance.testcases.VerifyValidations_Usam"/>
  <testcase name="addUser_Validations" time="0.001" classname="com.microinsurance.testcases.VerifyValidations_Usam"/>
  <testcase name="addUser_Validations" time="0.001" classname="com.microinsurance.testcases.VerifyValidations_Usam"/>
</testsuite> <!-- com.microinsurance.testcases.VerifyValidations_Usam -->
